{"numTotalTestSuites":66,"numPassedTestSuites":66,"numFailedTestSuites":0,"numPendingTestSuites":0,"numTotalTests":112,"numPassedTests":98,"numFailedTests":14,"numPendingTests":0,"numTodoTests":0,"startTime":1762466993231,"success":false,"testResults":[{"assertionResults":[{"ancestorTitles":["","Tax Constants","STATE_TAX_RATE_PCT"],"fullName":" Tax Constants STATE_TAX_RATE_PCT should have valid tax rates for supported states","status":"passed","title":"should have valid tax rates for supported states","duration":1,"failureMessages":[]},{"ancestorTitles":["","Tax Constants","STATE_TAX_RATE_PCT"],"fullName":" Tax Constants STATE_TAX_RATE_PCT should have reasonable tax rates (between 0% and 20%)","status":"passed","title":"should have reasonable tax rates (between 0% and 20%)","duration":0,"failureMessages":[]},{"ancestorTitles":["","Tax Constants","isSupportedTaxState"],"fullName":" Tax Constants isSupportedTaxState should return true for valid supported states","status":"passed","title":"should return true for valid supported states","duration":0,"failureMessages":[]},{"ancestorTitles":["","Tax Constants","isSupportedTaxState"],"fullName":" Tax Constants isSupportedTaxState should return false for invalid states","status":"passed","title":"should return false for invalid states","duration":0,"failureMessages":[]}],"startTime":1762466994065,"endTime":1762466994066,"status":"passed","message":"","name":"/Users/benjaminmackenzie/Dev/1584/1584_project_portal/src/constants/__tests__/tax.test.ts"},{"assertionResults":[{"ancestorTitles":["","accountService","createAccount"],"fullName":" accountService createAccount should create a new account","status":"passed","title":"should create a new account","duration":2,"failureMessages":[]},{"ancestorTitles":["","accountService","createAccount"],"fullName":" accountService createAccount should throw error on failure","status":"passed","title":"should throw error on failure","duration":1,"failureMessages":[]},{"ancestorTitles":["","accountService","getAccount"],"fullName":" accountService getAccount should return account when found","status":"passed","title":"should return account when found","duration":1,"failureMessages":[]},{"ancestorTitles":["","accountService","getAccount"],"fullName":" accountService getAccount should return null when account not found","status":"passed","title":"should return null when account not found","duration":0,"failureMessages":[]},{"ancestorTitles":["","accountService","getUserAccount"],"fullName":" accountService getUserAccount should return account for user","status":"passed","title":"should return account for user","duration":1,"failureMessages":[]},{"ancestorTitles":["","accountService","getUserAccount"],"fullName":" accountService getUserAccount should return null when user has no account","status":"passed","title":"should return null when user has no account","duration":1,"failureMessages":[]},{"ancestorTitles":["","accountService","getUserRoleInAccount"],"fullName":" accountService getUserRoleInAccount should return user role","status":"passed","title":"should return user role","duration":0,"failureMessages":[]},{"ancestorTitles":["","accountService","getUserRoleInAccount"],"fullName":" accountService getUserRoleInAccount should return null when user is not member","status":"passed","title":"should return null when user is not member","duration":1,"failureMessages":[]},{"ancestorTitles":["","accountService","addUserToAccount"],"fullName":" accountService addUserToAccount should add user to account","status":"passed","title":"should add user to account","duration":0,"failureMessages":[]},{"ancestorTitles":["","accountService","updateUserRoleInAccount"],"fullName":" accountService updateUserRoleInAccount should update user role","status":"passed","title":"should update user role","duration":4,"failureMessages":[]},{"ancestorTitles":["","accountService","removeUserFromAccount"],"fullName":" accountService removeUserFromAccount should remove user from account","status":"passed","title":"should remove user from account","duration":1,"failureMessages":[]},{"ancestorTitles":["","accountService","getAccountMembers"],"fullName":" accountService getAccountMembers should return account members","status":"passed","title":"should return account members","duration":0,"failureMessages":[]},{"ancestorTitles":["","accountService","isAccountMember"],"fullName":" accountService isAccountMember should return true when user is member","status":"passed","title":"should return true when user is member","duration":1,"failureMessages":[]},{"ancestorTitles":["","accountService","isAccountMember"],"fullName":" accountService isAccountMember should return false when user is not member","status":"passed","title":"should return false when user is not member","duration":0,"failureMessages":[]},{"ancestorTitles":["","accountService","getAllAccounts"],"fullName":" accountService getAllAccounts should return all accounts","status":"passed","title":"should return all accounts","duration":1,"failureMessages":[]}],"startTime":1762466994082,"endTime":1762466994097,"status":"passed","message":"","name":"/Users/benjaminmackenzie/Dev/1584/1584_project_portal/src/services/__tests__/accountService.test.ts"},{"assertionResults":[{"ancestorTitles":["","businessProfileService","getBusinessProfile"],"fullName":" businessProfileService getBusinessProfile should return business profile when found","status":"passed","title":"should return business profile when found","duration":2,"failureMessages":[]},{"ancestorTitles":["","businessProfileService","getBusinessProfile"],"fullName":" businessProfileService getBusinessProfile should return null when profile not found","status":"passed","title":"should return null when profile not found","duration":0,"failureMessages":[]},{"ancestorTitles":["","businessProfileService","getBusinessProfile"],"fullName":" businessProfileService getBusinessProfile should handle errors gracefully","status":"passed","title":"should handle errors gracefully","duration":2,"failureMessages":[]},{"ancestorTitles":["","businessProfileService","updateBusinessProfile"],"fullName":" businessProfileService updateBusinessProfile should create new profile when it does not exist","status":"passed","title":"should create new profile when it does not exist","duration":2,"failureMessages":[]},{"ancestorTitles":["","businessProfileService","updateBusinessProfile"],"fullName":" businessProfileService updateBusinessProfile should update existing profile","status":"passed","title":"should update existing profile","duration":1,"failureMessages":[]},{"ancestorTitles":["","businessProfileService","updateBusinessProfile"],"fullName":" businessProfileService updateBusinessProfile should handle null logo URL","status":"passed","title":"should handle null logo URL","duration":1,"failureMessages":[]},{"ancestorTitles":["","businessProfileService","updateBusinessProfile"],"fullName":" businessProfileService updateBusinessProfile should throw error on failure","status":"passed","title":"should throw error on failure","duration":1,"failureMessages":[]}],"startTime":1762466994087,"endTime":1762466994096,"status":"passed","message":"","name":"/Users/benjaminmackenzie/Dev/1584/1584_project_portal/src/services/__tests__/businessProfileService.test.ts"},{"assertionResults":[{"ancestorTitles":["","databaseService","timestampToDate"],"fullName":" databaseService timestampToDate should convert ISO string to Date","status":"passed","title":"should convert ISO string to Date","duration":0,"failureMessages":[]},{"ancestorTitles":["","databaseService","timestampToDate"],"fullName":" databaseService timestampToDate should handle date-only strings (YYYY-MM-DD)","status":"passed","title":"should handle date-only strings (YYYY-MM-DD)","duration":0,"failureMessages":[]},{"ancestorTitles":["","databaseService","timestampToDate"],"fullName":" databaseService timestampToDate should return Date object as-is","status":"passed","title":"should return Date object as-is","duration":0,"failureMessages":[]},{"ancestorTitles":["","databaseService","timestampToDate"],"fullName":" databaseService timestampToDate should convert numeric timestamp to Date","status":"passed","title":"should convert numeric timestamp to Date","duration":1,"failureMessages":[]},{"ancestorTitles":["","databaseService","timestampToDate"],"fullName":" databaseService timestampToDate should return current date for null/undefined","status":"passed","title":"should return current date for null/undefined","duration":0,"failureMessages":[]},{"ancestorTitles":["","databaseService","timestampToDate"],"fullName":" databaseService timestampToDate should handle invalid timestamp gracefully","status":"passed","title":"should handle invalid timestamp gracefully","duration":0,"failureMessages":[]},{"ancestorTitles":["","databaseService","convertTimestamps"],"fullName":" databaseService convertTimestamps should convert timestamp fields in object","status":"passed","title":"should convert timestamp fields in object","duration":0,"failureMessages":[]},{"ancestorTitles":["","databaseService","convertTimestamps"],"fullName":" databaseService convertTimestamps should convert timestamps in array of objects","status":"passed","title":"should convert timestamps in array of objects","duration":0,"failureMessages":[]},{"ancestorTitles":["","databaseService","convertTimestamps"],"fullName":" databaseService convertTimestamps should handle nested objects","status":"passed","title":"should handle nested objects","duration":0,"failureMessages":[]},{"ancestorTitles":["","databaseService","convertTimestamps"],"fullName":" databaseService convertTimestamps should handle arrays within objects","status":"passed","title":"should handle arrays within objects","duration":1,"failureMessages":[]},{"ancestorTitles":["","databaseService","convertTimestamps"],"fullName":" databaseService convertTimestamps should convert all known timestamp fields","status":"passed","title":"should convert all known timestamp fields","duration":0,"failureMessages":[]},{"ancestorTitles":["","databaseService","convertTimestamps"],"fullName":" databaseService convertTimestamps should return non-objects as-is","status":"passed","title":"should return non-objects as-is","duration":0,"failureMessages":[]},{"ancestorTitles":["","databaseService","isNotFoundError"],"fullName":" databaseService isNotFoundError should identify PGRST116 as not found error","status":"passed","title":"should identify PGRST116 as not found error","duration":0,"failureMessages":[]},{"ancestorTitles":["","databaseService","isNotFoundError"],"fullName":" databaseService isNotFoundError should return false for other errors","status":"passed","title":"should return false for other errors","duration":0,"failureMessages":[]},{"ancestorTitles":["","databaseService","isNotFoundError"],"fullName":" databaseService isNotFoundError should return false for null","status":"passed","title":"should return false for null","duration":1,"failureMessages":[]},{"ancestorTitles":["","databaseService","isForeignKeyError"],"fullName":" databaseService isForeignKeyError should identify 23503 as foreign key error","status":"passed","title":"should identify 23503 as foreign key error","duration":0,"failureMessages":[]},{"ancestorTitles":["","databaseService","isForeignKeyError"],"fullName":" databaseService isForeignKeyError should return false for other errors","status":"passed","title":"should return false for other errors","duration":0,"failureMessages":[]},{"ancestorTitles":["","databaseService","isUniqueConstraintError"],"fullName":" databaseService isUniqueConstraintError should identify 23505 as unique constraint error","status":"passed","title":"should identify 23505 as unique constraint error","duration":0,"failureMessages":[]},{"ancestorTitles":["","databaseService","isUniqueConstraintError"],"fullName":" databaseService isUniqueConstraintError should return false for other errors","status":"passed","title":"should return false for other errors","duration":0,"failureMessages":[]},{"ancestorTitles":["","databaseService","isPermissionError"],"fullName":" databaseService isPermissionError should identify 42501 as permission error","status":"passed","title":"should identify 42501 as permission error","duration":1,"failureMessages":[]},{"ancestorTitles":["","databaseService","isPermissionError"],"fullName":" databaseService isPermissionError should identify PGRST301 as permission error","status":"passed","title":"should identify PGRST301 as permission error","duration":0,"failureMessages":[]},{"ancestorTitles":["","databaseService","isPermissionError"],"fullName":" databaseService isPermissionError should return false for other errors","status":"passed","title":"should return false for other errors","duration":0,"failureMessages":[]},{"ancestorTitles":["","databaseService","handleSupabaseError"],"fullName":" databaseService handleSupabaseError should throw error by default","status":"passed","title":"should throw error by default","duration":2,"failureMessages":[]},{"ancestorTitles":["","databaseService","handleSupabaseError"],"fullName":" databaseService handleSupabaseError should not throw when throwOnError is false","status":"passed","title":"should not throw when throwOnError is false","duration":0,"failureMessages":[]},{"ancestorTitles":["","databaseService","handleSupabaseError"],"fullName":" databaseService handleSupabaseError should return null for not found when returnNullOnNotFound is true","status":"passed","title":"should return null for not found when returnNullOnNotFound is true","duration":0,"failureMessages":[]},{"ancestorTitles":["","databaseService","handleSupabaseError"],"fullName":" databaseService handleSupabaseError should return null when no error","status":"passed","title":"should return null when no error","duration":0,"failureMessages":[]},{"ancestorTitles":["","databaseService","handleSupabaseError"],"fullName":" databaseService handleSupabaseError should provide user-friendly error messages","status":"passed","title":"should provide user-friendly error messages","duration":0,"failureMessages":[]}],"startTime":1762466994151,"endTime":1762466994157,"status":"passed","message":"","name":"/Users/benjaminmackenzie/Dev/1584/1584_project_portal/src/services/__tests__/databaseService.test.ts"},{"assertionResults":[{"ancestorTitles":["","ImageUploadService","checkStorageAvailability"],"fullName":" ImageUploadService checkStorageAvailability should return true when Supabase is initialized","status":"passed","title":"should return true when Supabase is initialized","duration":1,"failureMessages":[]},{"ancestorTitles":["","ImageUploadService","validateImageFile"],"fullName":" ImageUploadService validateImageFile should accept valid image files","status":"passed","title":"should accept valid image files","duration":0,"failureMessages":[]},{"ancestorTitles":["","ImageUploadService","validateImageFile"],"fullName":" ImageUploadService validateImageFile should reject invalid file types","status":"passed","title":"should reject invalid file types","duration":0,"failureMessages":[]},{"ancestorTitles":["","ImageUploadService","validateImageFile"],"fullName":" ImageUploadService validateImageFile should reject files larger than 10MB","status":"passed","title":"should reject files larger than 10MB","duration":206,"failureMessages":[]},{"ancestorTitles":["","ImageUploadService","validateImageFile"],"fullName":" ImageUploadService validateImageFile should accept files under 10MB","status":"passed","title":"should accept files under 10MB","duration":0,"failureMessages":[]},{"ancestorTitles":["","ImageUploadService","validateImageFile"],"fullName":" ImageUploadService validateImageFile should accept various image formats","status":"passed","title":"should accept various image formats","duration":1,"failureMessages":[]},{"ancestorTitles":["","ImageUploadService","uploadItemImage"],"fullName":" ImageUploadService uploadItemImage should upload item image successfully","status":"passed","title":"should upload item image successfully","duration":1,"failureMessages":[]},{"ancestorTitles":["","ImageUploadService","uploadItemImage"],"fullName":" ImageUploadService uploadItemImage should call progress callback","status":"passed","title":"should call progress callback","duration":1,"failureMessages":[]},{"ancestorTitles":["","ImageUploadService","uploadBusinessLogo"],"fullName":" ImageUploadService uploadBusinessLogo should upload business logo successfully","status":"passed","title":"should upload business logo successfully","duration":0,"failureMessages":[]},{"ancestorTitles":["","ImageUploadService","deleteImage"],"fullName":" ImageUploadService deleteImage should delete image successfully","status":"passed","title":"should delete image successfully","duration":0,"failureMessages":[]},{"ancestorTitles":["","ImageUploadService","deleteImage"],"fullName":" ImageUploadService deleteImage should throw error on delete failure","status":"passed","title":"should throw error on delete failure","duration":1,"failureMessages":[]},{"ancestorTitles":["","ImageUploadService","deleteMultipleImages"],"fullName":" ImageUploadService deleteMultipleImages should delete multiple images","status":"passed","title":"should delete multiple images","duration":1,"failureMessages":[]},{"ancestorTitles":["","ImageUploadService","convertFilesToTransactionImages"],"fullName":" ImageUploadService convertFilesToTransactionImages should convert upload results to TransactionImage objects","status":"passed","title":"should convert upload results to TransactionImage objects","duration":0,"failureMessages":[]},{"ancestorTitles":["","ImageUploadService","createPreviewUrl and revokePreviewUrl"],"fullName":" ImageUploadService createPreviewUrl and revokePreviewUrl should create and revoke preview URL","status":"failed","title":"should create and revoke preview URL","duration":5,"failureMessages":["URL.createObjectURL is not available in this environment"],"location":{"line":607,"column":13}}],"startTime":1762466994134,"endTime":1762466994352,"status":"failed","message":"","name":"/Users/benjaminmackenzie/Dev/1584/1584_project_portal/src/services/__tests__/imageService.test.ts"},{"assertionResults":[{"ancestorTitles":["","Tax System Integration","Tax Rate Mapping for NV/UT States"],"fullName":" Tax System Integration Tax Rate Mapping for NV/UT States should validate NV state tax rate exists","status":"passed","title":"should validate NV state tax rate exists","duration":1,"failureMessages":[]},{"ancestorTitles":["","Tax System Integration","Tax Rate Mapping for NV/UT States"],"fullName":" Tax System Integration Tax Rate Mapping for NV/UT States should compute tax rate correctly for Other state","status":"passed","title":"should compute tax rate correctly for Other state","duration":0,"failureMessages":[]},{"ancestorTitles":["","Tax System Integration","Tax Rate Mapping for NV/UT States"],"fullName":" Tax System Integration Tax Rate Mapping for NV/UT States should validate subtotal is required for Other state","status":"passed","title":"should validate subtotal is required for Other state","duration":0,"failureMessages":[]},{"ancestorTitles":["","Tax System Integration","Tax Rate Mapping for NV/UT States"],"fullName":" Tax System Integration Tax Rate Mapping for NV/UT States should validate subtotal does not exceed amount for Other state","status":"passed","title":"should validate subtotal does not exceed amount for Other state","duration":0,"failureMessages":[]},{"ancestorTitles":["","Tax System Integration","Tax Rate Precision"],"fullName":" Tax System Integration Tax Rate Precision should round tax rates to 4 decimal places","status":"passed","title":"should round tax rates to 4 decimal places","duration":0,"failureMessages":[]},{"ancestorTitles":["","Tax System Integration","Tax State Validation"],"fullName":" Tax System Integration Tax State Validation should accept valid tax states","status":"passed","title":"should accept valid tax states","duration":0,"failureMessages":[]},{"ancestorTitles":["","Tax System Integration","Tax State Validation"],"fullName":" Tax System Integration Tax State Validation should reject invalid tax states","status":"passed","title":"should reject invalid tax states","duration":0,"failureMessages":[]}],"startTime":1762466994065,"endTime":1762466994067,"status":"passed","message":"","name":"/Users/benjaminmackenzie/Dev/1584/1584_project_portal/src/services/__tests__/inventoryService.tax.test.ts"},{"assertionResults":[{"ancestorTitles":["","projectService","getProjects"],"fullName":" projectService getProjects should return projects for account","status":"passed","title":"should return projects for account","duration":3,"failureMessages":[]},{"ancestorTitles":["","projectService","getProjects"],"fullName":" projectService getProjects should return empty array when no projects","status":"passed","title":"should return empty array when no projects","duration":1,"failureMessages":[]},{"ancestorTitles":["","projectService","getProject"],"fullName":" projectService getProject should return project when found","status":"passed","title":"should return project when found","duration":1,"failureMessages":[]},{"ancestorTitles":["","projectService","getProject"],"fullName":" projectService getProject should return null when project not found","status":"passed","title":"should return null when project not found","duration":1,"failureMessages":[]},{"ancestorTitles":["","projectService","createProject"],"fullName":" projectService createProject should create a new project","status":"passed","title":"should create a new project","duration":1,"failureMessages":[]},{"ancestorTitles":["","projectService","createProject"],"fullName":" projectService createProject should throw error on failure","status":"passed","title":"should throw error on failure","duration":1,"failureMessages":[]},{"ancestorTitles":["","projectService","updateProject"],"fullName":" projectService updateProject should update project","status":"passed","title":"should update project","duration":1,"failureMessages":[]},{"ancestorTitles":["","projectService","deleteProject"],"fullName":" projectService deleteProject should delete project","status":"passed","title":"should delete project","duration":0,"failureMessages":[]}],"startTime":1762466994144,"endTime":1762466994153,"status":"passed","message":"","name":"/Users/benjaminmackenzie/Dev/1584/1584_project_portal/src/services/__tests__/inventoryService.test.ts"},{"assertionResults":[{"ancestorTitles":["","Supabase Auth Functions","signInWithGoogle"],"fullName":" Supabase Auth Functions signInWithGoogle should initiate OAuth sign-in","status":"failed","title":"should initiate OAuth sign-in","duration":19,"failureMessages":["expected \"spy\" to be called with arguments: [ ObjectContaining{…} ]\n\nReceived: \n\n\n\nNumber of calls: 0\n"],"location":{"line":46,"column":60}},{"ancestorTitles":["","Supabase Auth Functions","signInWithGoogle"],"fullName":" Supabase Auth Functions signInWithGoogle should throw error on failure","status":"failed","title":"should throw error on failure","duration":2,"failureMessages":["promise resolved \"undefined\" instead of rejecting"],"location":{"line":57,"column":38}},{"ancestorTitles":["","Supabase Auth Functions","signOutUser"],"fullName":" Supabase Auth Functions signOutUser should sign out user","status":"failed","title":"should sign out user","duration":1,"failureMessages":["expected \"spy\" to be called at least once"],"location":{"line":66,"column":52}},{"ancestorTitles":["","Supabase Auth Functions","signOutUser"],"fullName":" Supabase Auth Functions signOutUser should throw error on failure","status":"failed","title":"should throw error on failure","duration":1,"failureMessages":["promise resolved \"undefined\" instead of rejecting"],"location":{"line":73,"column":33}},{"ancestorTitles":["","Supabase Auth Functions","getUserData"],"fullName":" Supabase Auth Functions getUserData should return user data","status":"failed","title":"should return user data","duration":464,"failureMessages":["expected null to be truthy"],"location":{"line":104,"column":24}},{"ancestorTitles":["","Supabase Auth Functions","getUserData"],"fullName":" Supabase Auth Functions getUserData should return null when user not found","status":"passed","title":"should return null when user not found","duration":135,"failureMessages":[]},{"ancestorTitles":["","Supabase Auth Functions","createUserInvitation"],"fullName":" Supabase Auth Functions createUserInvitation should create invitation","status":"failed","title":"should create invitation","duration":152,"failureMessages":["promise rejected \"{ code: '22P02', details: null, …(2) }\" instead of resolving"],"location":{"line":133,"column":7}},{"ancestorTitles":["","Supabase Auth Functions","checkUserInvitation"],"fullName":" Supabase Auth Functions checkUserInvitation should return invitation when found","status":"failed","title":"should return invitation when found","duration":154,"failureMessages":["expected null to be truthy"],"location":{"line":156,"column":26}},{"ancestorTitles":["","Supabase Auth Functions","checkUserInvitation"],"fullName":" Supabase Auth Functions checkUserInvitation should return null when invitation not found","status":"passed","title":"should return null when invitation not found","duration":142,"failureMessages":[]},{"ancestorTitles":["","Supabase Auth Functions","acceptUserInvitation"],"fullName":" Supabase Auth Functions acceptUserInvitation should accept invitation","status":"failed","title":"should accept invitation","duration":147,"failureMessages":["promise rejected \"{ code: '22P02', details: null, …(2) }\" instead of resolving"],"location":{"line":186,"column":7}}],"startTime":1762466994149,"endTime":1762466995366,"status":"failed","message":"","name":"/Users/benjaminmackenzie/Dev/1584/1584_project_portal/src/services/__tests__/supabase.test.ts"},{"assertionResults":[{"ancestorTitles":["","taxPresetsService","getTaxPresets"],"fullName":" taxPresetsService getTaxPresets should return presets from database","status":"passed","title":"should return presets from database","duration":1,"failureMessages":[]},{"ancestorTitles":["","taxPresetsService","getTaxPresets"],"fullName":" taxPresetsService getTaxPresets should initialize with defaults when not found","status":"passed","title":"should initialize with defaults when not found","duration":2,"failureMessages":[]},{"ancestorTitles":["","taxPresetsService","getTaxPresets"],"fullName":" taxPresetsService getTaxPresets should initialize with defaults when presets array is empty","status":"passed","title":"should initialize with defaults when presets array is empty","duration":1,"failureMessages":[]},{"ancestorTitles":["","taxPresetsService","getTaxPresets"],"fullName":" taxPresetsService getTaxPresets should fallback to defaults on error","status":"passed","title":"should fallback to defaults on error","duration":1,"failureMessages":[]},{"ancestorTitles":["","taxPresetsService","updateTaxPresets"],"fullName":" taxPresetsService updateTaxPresets should update existing presets","status":"passed","title":"should update existing presets","duration":0,"failureMessages":[]},{"ancestorTitles":["","taxPresetsService","updateTaxPresets"],"fullName":" taxPresetsService updateTaxPresets should create new presets when they do not exist","status":"passed","title":"should create new presets when they do not exist","duration":1,"failureMessages":[]},{"ancestorTitles":["","taxPresetsService","updateTaxPresets"],"fullName":" taxPresetsService updateTaxPresets should validate presets array is not empty","status":"passed","title":"should validate presets array is not empty","duration":4,"failureMessages":[]},{"ancestorTitles":["","taxPresetsService","updateTaxPresets"],"fullName":" taxPresetsService updateTaxPresets should validate maximum of 5 presets","status":"passed","title":"should validate maximum of 5 presets","duration":1,"failureMessages":[]},{"ancestorTitles":["","taxPresetsService","updateTaxPresets"],"fullName":" taxPresetsService updateTaxPresets should validate preset structure","status":"passed","title":"should validate preset structure","duration":0,"failureMessages":[]},{"ancestorTitles":["","taxPresetsService","updateTaxPresets"],"fullName":" taxPresetsService updateTaxPresets should validate tax rate range","status":"passed","title":"should validate tax rate range","duration":0,"failureMessages":[]},{"ancestorTitles":["","taxPresetsService","updateTaxPresets"],"fullName":" taxPresetsService updateTaxPresets should validate unique preset IDs","status":"passed","title":"should validate unique preset IDs","duration":1,"failureMessages":[]},{"ancestorTitles":["","taxPresetsService","getTaxPresetById"],"fullName":" taxPresetsService getTaxPresetById should return preset by ID","status":"passed","title":"should return preset by ID","duration":0,"failureMessages":[]},{"ancestorTitles":["","taxPresetsService","getTaxPresetById"],"fullName":" taxPresetsService getTaxPresetById should return null when preset not found","status":"passed","title":"should return null when preset not found","duration":0,"failureMessages":[]}],"startTime":1762466994096,"endTime":1762466994108,"status":"passed","message":"","name":"/Users/benjaminmackenzie/Dev/1584/1584_project_portal/src/services/__tests__/taxPresetsService.test.ts"},{"assertionResults":[{"ancestorTitles":["","BudgetProgress calculations"],"fullName":" BudgetProgress calculations Furnishings handles purchases and returns correctly","status":"passed","title":"Furnishings handles purchases and returns correctly","duration":50,"failureMessages":[]},{"ancestorTitles":["","BudgetProgress calculations"],"fullName":" BudgetProgress calculations Install category calculates correctly with multiple purchases","status":"failed","title":"Install category calculates correctly with multiple purchases","duration":1012,"failureMessages":["Unable to find an element with the text: /Install Budget/. This could be because the text is broken up by multiple elements. In this case, you can provide a function for your text matcher to make your matcher more flexible.\n\nIgnored nodes: comments, script, style\n\u001b[36m<body>\u001b[39m\n  \u001b[36m<div>\u001b[39m\n    \u001b[36m<div />\u001b[39m\n  \u001b[36m</div>\u001b[39m\n\u001b[36m</body>\u001b[39m\n\nIgnored nodes: comments, script, style\n\u001b[36m<html>\u001b[39m\n  \u001b[36m<head />\u001b[39m\n  \u001b[36m<body>\u001b[39m\n    \u001b[36m<div>\u001b[39m\n      \u001b[36m<div />\u001b[39m\n    \u001b[36m</div>\u001b[39m\n  \u001b[36m</body>\u001b[39m\n\u001b[36m</html>\u001b[39m"],"location":{"line":163,"column":27}},{"ancestorTitles":["","BudgetProgress calculations"],"fullName":" BudgetProgress calculations Storage & Receiving handles a return and purchase","status":"failed","title":"Storage & Receiving handles a return and purchase","duration":1007,"failureMessages":["Unable to find an element with the text: /Storage & Receiving Budget/. This could be because the text is broken up by multiple elements. In this case, you can provide a function for your text matcher to make your matcher more flexible.\n\nIgnored nodes: comments, script, style\n\u001b[36m<body>\u001b[39m\n  \u001b[36m<div>\u001b[39m\n    \u001b[36m<div />\u001b[39m\n  \u001b[36m</div>\u001b[39m\n\u001b[36m</body>\u001b[39m\n\nIgnored nodes: comments, script, style\n\u001b[36m<html>\u001b[39m\n  \u001b[36m<head />\u001b[39m\n  \u001b[36m<body>\u001b[39m\n    \u001b[36m<div>\u001b[39m\n      \u001b[36m<div />\u001b[39m\n    \u001b[36m</div>\u001b[39m\n  \u001b[36m</body>\u001b[39m\n\u001b[36m</html>\u001b[39m"],"location":{"line":163,"column":27}},{"ancestorTitles":["","BudgetProgress calculations"],"fullName":" BudgetProgress calculations Fuel category with zero budget does not render","status":"passed","title":"Fuel category with zero budget does not render","duration":6,"failureMessages":[]},{"ancestorTitles":["","BudgetProgress calculations"],"fullName":" BudgetProgress calculations Design Fee tracks received and remaining correctly","status":"failed","title":"Design Fee tracks received and remaining correctly","duration":1005,"failureMessages":["Unable to find an element with the text: /Design Fee/. This could be because the text is broken up by multiple elements. In this case, you can provide a function for your text matcher to make your matcher more flexible.\n\nIgnored nodes: comments, script, style\n\u001b[36m<body>\u001b[39m\n  \u001b[36m<div>\u001b[39m\n    \u001b[36m<div />\u001b[39m\n  \u001b[36m</div>\u001b[39m\n\u001b[36m</body>\u001b[39m\n\nIgnored nodes: comments, script, style\n\u001b[36m<html>\u001b[39m\n  \u001b[36m<head />\u001b[39m\n  \u001b[36m<body>\u001b[39m\n    \u001b[36m<div>\u001b[39m\n      \u001b[36m<div />\u001b[39m\n    \u001b[36m</div>\u001b[39m\n  \u001b[36m</body>\u001b[39m\n\u001b[36m</html>\u001b[39m"],"location":{"line":163,"column":27}},{"ancestorTitles":["","BudgetProgress calculations"],"fullName":" BudgetProgress calculations Kitchen caps at 100% and shows negative remaining when over budget","status":"failed","title":"Kitchen caps at 100% and shows negative remaining when over budget","duration":1003,"failureMessages":["Unable to find an element with the text: /Kitchen Budget/. This could be because the text is broken up by multiple elements. In this case, you can provide a function for your text matcher to make your matcher more flexible.\n\nIgnored nodes: comments, script, style\n\u001b[36m<body>\u001b[39m\n  \u001b[36m<div>\u001b[39m\n    \u001b[36m<div />\u001b[39m\n  \u001b[36m</div>\u001b[39m\n\u001b[36m</body>\u001b[39m\n\nIgnored nodes: comments, script, style\n\u001b[36m<html>\u001b[39m\n  \u001b[36m<head />\u001b[39m\n  \u001b[36m<body>\u001b[39m\n    \u001b[36m<div>\u001b[39m\n      \u001b[36m<div />\u001b[39m\n    \u001b[36m</div>\u001b[39m\n  \u001b[36m</body>\u001b[39m\n\u001b[36m</html>\u001b[39m"],"location":{"line":163,"column":27}},{"ancestorTitles":["","BudgetProgress calculations"],"fullName":" BudgetProgress calculations Property Management counts returns correctly","status":"failed","title":"Property Management counts returns correctly","duration":1006,"failureMessages":["Unable to find an element with the text: /Property Management Budget/. This could be because the text is broken up by multiple elements. In this case, you can provide a function for your text matcher to make your matcher more flexible.\n\nIgnored nodes: comments, script, style\n\u001b[36m<body>\u001b[39m\n  \u001b[36m<div>\u001b[39m\n    \u001b[36m<div />\u001b[39m\n  \u001b[36m</div>\u001b[39m\n\u001b[36m</body>\u001b[39m\n\nIgnored nodes: comments, script, style\n\u001b[36m<html>\u001b[39m\n  \u001b[36m<head />\u001b[39m\n  \u001b[36m<body>\u001b[39m\n    \u001b[36m<div>\u001b[39m\n      \u001b[36m<div />\u001b[39m\n    \u001b[36m</div>\u001b[39m\n  \u001b[36m</body>\u001b[39m\n\u001b[36m</html>\u001b[39m"],"location":{"line":163,"column":27}}],"startTime":1762466994248,"endTime":1762466999337,"status":"failed","message":"","name":"/Users/benjaminmackenzie/Dev/1584/1584_project_portal/src/components/ui/__tests__/BudgetProgress.test.tsx"}]}
